<?xml version="1.0" encoding="UTF-8"?>
<!-- Generated by org.testng.reporters.JUnitXMLReporter -->
<testsuite hostname="DESKTOP-0RNV4TN" ignored="0" name="Default test" tests="2" failures="0" timestamp="16 квіт. 2020 09:01:16 GMT" time="39.242" errors="0">
  <testcase name="addToWishListTest" time="10.255" classname="com.softserve.edu.opencart.WishListTest"/>
  <testcase name="removeFromWishListTest" time="12.514" classname="com.softserve.edu.opencart.WishListTest"/>
</testsuite> <!-- Default test -->
