<?xml version="1.0" encoding="UTF-8"?>
<testng-results skipped="0" failed="0" ignored="0" total="2" passed="2">
  <reporter-output>
  </reporter-output>
  <suite name="Default suite" duration-ms="39242" started-at="2020-04-16T09:00:36Z" finished-at="2020-04-16T09:01:16Z">
    <groups>
    </groups>
    <test name="Default test" duration-ms="39242" started-at="2020-04-16T09:00:36Z" finished-at="2020-04-16T09:01:16Z">
      <class name="com.softserve.edu.opencart.WishListTest">
        <test-method status="PASS" signature="beforeSuite()[pri:0, instance:com.softserve.edu.opencart.WishListTest@1623b78d]" name="beforeSuite" is-config="true" duration-ms="507" started-at="2020-04-16T09:00:36Z" finished-at="2020-04-16T09:00:36Z">
          <reporter-output>
          </reporter-output>
        </test-method> <!-- beforeSuite -->
        <test-method status="PASS" signature="setUpBeforeClass()[pri:0, instance:com.softserve.edu.opencart.WishListTest@1623b78d]" name="setUpBeforeClass" is-config="true" duration-ms="1" started-at="2020-04-16T09:00:36Z" finished-at="2020-04-16T09:00:36Z">
          <reporter-output>
          </reporter-output>
        </test-method> <!-- setUpBeforeClass -->
        <test-method status="PASS" signature="setUp()[pri:0, instance:com.softserve.edu.opencart.WishListTest@1623b78d]" name="setUp" is-config="true" duration-ms="6618" started-at="2020-04-16T09:00:36Z" finished-at="2020-04-16T09:00:43Z">
          <reporter-output>
          </reporter-output>
        </test-method> <!-- setUp -->
        <test-method status="PASS" signature="addToWishListTest()[pri:0, instance:com.softserve.edu.opencart.WishListTest@1623b78d]" name="addToWishListTest" duration-ms="10255" started-at="2020-04-16T09:00:43Z" finished-at="2020-04-16T09:00:53Z">
          <reporter-output>
          </reporter-output>
        </test-method> <!-- addToWishListTest -->
        <test-method status="PASS" signature="tearDown()[pri:0, instance:com.softserve.edu.opencart.WishListTest@1623b78d]" name="tearDown" is-config="true" duration-ms="1787" started-at="2020-04-16T09:00:53Z" finished-at="2020-04-16T09:00:55Z">
          <reporter-output>
          </reporter-output>
        </test-method> <!-- tearDown -->
        <test-method status="PASS" signature="setUp()[pri:0, instance:com.softserve.edu.opencart.WishListTest@1623b78d]" name="setUp" is-config="true" duration-ms="6163" started-at="2020-04-16T09:00:55Z" finished-at="2020-04-16T09:01:01Z">
          <reporter-output>
          </reporter-output>
        </test-method> <!-- setUp -->
        <test-method status="PASS" signature="removeFromWishListTest()[pri:0, instance:com.softserve.edu.opencart.WishListTest@1623b78d]" name="removeFromWishListTest" duration-ms="12514" started-at="2020-04-16T09:01:01Z" finished-at="2020-04-16T09:01:14Z">
          <reporter-output>
          </reporter-output>
        </test-method> <!-- removeFromWishListTest -->
        <test-method status="PASS" signature="tearDown()[pri:0, instance:com.softserve.edu.opencart.WishListTest@1623b78d]" name="tearDown" is-config="true" duration-ms="1784" started-at="2020-04-16T09:01:14Z" finished-at="2020-04-16T09:01:16Z">
          <reporter-output>
          </reporter-output>
        </test-method> <!-- tearDown -->
        <test-method status="PASS" signature="tearDownAfterClass()[pri:0, instance:com.softserve.edu.opencart.WishListTest@1623b78d]" name="tearDownAfterClass" is-config="true" duration-ms="1" started-at="2020-04-16T09:01:16Z" finished-at="2020-04-16T09:01:16Z">
          <reporter-output>
          </reporter-output>
        </test-method> <!-- tearDownAfterClass -->
      </class> <!-- com.softserve.edu.opencart.WishListTest -->
    </test> <!-- Default test -->
  </suite> <!-- Default suite -->
</testng-results>
